2016-04-20 02:57:41.108 UTC INFO [admin1] Initializing PRIMARY Admin for store: kvstore
2016-04-20 02:57:41.110 UTC INFO [admin1] Created new admin environment dir: ./kvroot/kvstore/sn1/admin1/env
2016-04-20 02:57:41.110 UTC INFO [admin1] JVM Runtime maxMemory (bytes): 1908932608
2016-04-20 02:57:41.145 UTC INFO [admin1] Non-default JE properties for environment: {je.rep.vlsn.logCacheSize=128, je.rep.envUnknownStateTimeout=10 s, je.log.faultReadSize=4096, je.rep.vlsn.distance=1000000, je.rep.replicaTimeout=10 s, je.env.runEvictor=true, je.cleaner.minUtilization=40, je.rep.replicaAckTimeout=5 s, je.lock.nLockTables=97, je.cleaner.threads=2, je.rep.replayMaxOpenDbHandles=100, je.log.writeQueueSize=2097152, je.evictor.criticalPercentage=20, je.log.iteratorReadSize=1048576, je.log.numBuffers=16, je.rep.feederTimeout=10 s, je.nodeMaxEntries=128, je.lock.timeout=10 s, je.rep.bindInaddrAny=true, je.rep.preHeartbeatTimeoutMs=5000000000, je.rep.consistencyPolicy=NoConsistencyRequiredPolicy, je.checkpointer.bytesInterval=500000000, je.txn.durability=write_no_sync,write_no_sync,simple_majority, je.cleaner.readSize=1048576, je.rep.ignoreSecondaryNodeId=true, je.rep.txnRollbackLimit=10, je.log.fileCacheSize=2000, je.log.fileMax=1073741824}
2016-04-20 02:57:41.154 UTC INFO [admin1] DataChannelFactory: basic
2016-04-20 02:57:41.157 UTC INFO [admin1] AdminStateTracker thread start: admin1
2016-04-20 02:57:41.455 UTC INFO [admin1] JE recovery: POPULATE_UTILIZATION_PROFILE
2016-04-20 02:57:41.473 UTC INFO [admin1] JE recovery: REMOVE_TEMP_DBS
2016-04-20 02:57:41.490 UTC INFO [admin1] JE recovery: CKPT
2016-04-20 02:57:41.504 UTC INFO [admin1] JE recovery: RECOVERY_FINISHED
2016-04-20 02:57:41.531 UTC INFO [admin1] JE: Started ServiceDispatcher. HostPort=wireless-10-147-36-30.public.utexas.edu:5005
2016-04-20 02:57:41.531 UTC INFO [admin1] JE: DataChannel factory: com.sleepycat.je.rep.utilint.net.SimpleChannelFactory
2016-04-20 02:57:41.574 UTC INFO [admin1] JE: Current group size: 0
2016-04-20 02:57:41.574 UTC INFO [admin1] JE: New node 1(-1) unknown to rep group
2016-04-20 02:57:41.574 UTC INFO [admin1] JE: Master changed to 1
2016-04-20 02:57:41.575 UTC INFO [admin1] JE: Nascent group. 1 is master by virtue of being the first node.
2016-04-20 02:57:41.586 UTC INFO [admin1] JE: Successfully added node:1(1) HostPort = wireless-10-147-36-30.public.utexas.edu: 5005 [ELECTABLE]
2016-04-20 02:57:41.588 UTC INFO [admin1] JE: Refreshed 0 monitors.
2016-04-20 02:57:41.591 UTC INFO [admin1] JE recovery: BECOME_CONSISTENT
2016-04-20 02:57:41.591 UTC INFO [admin1] JE: Node 1 started
2016-04-20 02:57:41.592 UTC INFO [admin1] JE: Feeder manager accepting requests.
2016-04-20 02:57:41.593 UTC INFO [admin1] JE: Joining group as master
2016-04-20 02:57:41.593 UTC INFO [admin1] JE: Refreshed 0 monitors.
2016-04-20 02:57:41.594 UTC INFO [admin1] State change event: Tue Apr 19 21:57:41 CDT 2016, State: MASTER, Type: PRIMARY, Master: 1
2016-04-20 02:57:41.595 UTC INFO [admin1] AdminStateTracker queue added:MASTER
2016-04-20 02:57:41.602 UTC INFO [admin1] Initializing Admin Schema to schema version 4/NoSQL DB 12cR1.3.5.2 2015-12-03 08:36:49 UTC  Build id: 0c693aa1a5a0
2016-04-20 02:57:41.672 UTC INFO [admin1] Open Admin entity DB: AdminPlanDatabase
2016-04-20 02:57:41.672 UTC INFO [admin1] Admin plan database initialized
2016-04-20 02:57:41.672 UTC INFO [admin1] Initialized plan store to PlanDatabaseStore
2016-04-20 02:57:41.673 UTC FINE Closing StorewideLoggingView
2016-04-20 02:57:41.725 UTC INFO [admin1] Initializing Admin database
2016-04-20 02:57:41.796 UTC INFO [admin1] Admin database initialized
2016-04-20 02:57:41.809 UTC INFO [admin1] Replicated environment handle established. Cache size: 1145359564, State: MASTER
2016-04-20 02:57:41.810 UTC INFO [admin1] Configured Admin for store: kvstore
2016-04-20 02:57:41.812 UTC INFO [admin1] Starting Web service on port 5001
2016-04-20 02:57:41.861 UTC INFO [admin1] jetty-7.4.0.v20110414
2016-04-20 02:57:41.907 UTC INFO [admin1] Extract jar:file:/Users/Admin/Desktop/347/kv-3.5.2/lib/kvstore.jar!/war/KVAdminUI/ to /Users/Admin/Desktop/347/kv-3.5.2/lib/kvroot/kvstore/sn1/admin1/webapp/webapp
2016-04-20 02:57:42.370 UTC INFO [admin1] NO JSP Support for /, did not find org.apache.jasper.servlet.JspServlet
2016-04-20 02:57:42.386 UTC INFO [admin1] started o.e.j.w.WebAppContext{/,file:/Users/Admin/Desktop/347/kv-3.5.2/lib/kvroot/kvstore/sn1/admin1/webapp/webapp/},jar:file:/Users/Admin/Desktop/347/kv-3.5.2/lib/kvstore.jar!/war/KVAdminUI
2016-04-20 02:57:42.413 UTC INFO [admin1] Started SelectChannelConnector@0.0.0.0:5001 STARTING
2016-04-20 02:57:42.538 UTC INFO [admin1] PlanStateChange [id=1 name=Deploy KVLite state=APPROVED at 2016-04-20 02:57:42 UTC numAttempts=0 : approval requested]
2016-04-20 02:57:42.539 UTC INFO [admin1] Plan 1[Deploy KVLite] approved
2016-04-20 02:57:42.546 UTC INFO [admin1] PlanStateChange [id=1 name=Deploy KVLite state=RUNNING at 2016-04-20 02:57:42 UTC numAttempts=1 : Plan is starting]
2016-04-20 02:57:42.547 UTC INFO [admin1] Plan 1[Deploy KVLite]: started, 1 tasks
2016-04-20 02:57:42.571 UTC INFO [admin1] Plan 1[Deploy KVLite]: task 1 [DeployDatacenter zone=KVLite] started
2016-04-20 02:57:42.578 UTC INFO [admin1] Plan 1[Deploy KVLite]: task 1 [DeployDatacenter zone=KVLite] ended, state=SUCCEEDED
2016-04-20 02:57:42.580 UTC INFO [admin1] PlanStateChange [id=1 name=Deploy KVLite state=SUCCEEDED at 2016-04-20 02:57:42 UTC numAttempts=1 : Plan finished.]
2016-04-20 02:57:42.582 UTC INFO [admin1] Plan 1[Deploy KVLite]: ended, state=SUCCEEDED
2016-04-20 02:57:42.582 UTC INFO [admin1] Waiting for Plan 1[Deploy KVLite] ended, state=SUCCEEDED
2016-04-20 02:57:42.603 UTC INFO [admin1] PlanStateChange [id=2 name=Deploy Storage Node state=APPROVED at 2016-04-20 02:57:42 UTC numAttempts=0 : approval requested]
2016-04-20 02:57:42.606 UTC INFO [admin1] Plan 2[Deploy Storage Node] approved
2016-04-20 02:57:42.607 UTC INFO [admin1] PlanStateChange [id=2 name=Deploy Storage Node state=RUNNING at 2016-04-20 02:57:42 UTC numAttempts=1 : Plan is starting]
2016-04-20 02:57:42.607 UTC INFO [admin1] Plan 2[Deploy Storage Node]: started, 1 tasks
2016-04-20 02:57:42.610 UTC INFO [admin1] Plan 2[Deploy Storage Node]: task 1 [DeploySN sn1(wireless-10-147-36-30.public.utexas.edu:5000)] started
2016-04-20 02:57:42.699 UTC INFO [admin1] Monitor collector: adding sn1 to monitoring
2016-04-20 02:57:42.703 UTC INFO [admin1] Plan 2[Deploy Storage Node]: task 1 [DeploySN sn1(wireless-10-147-36-30.public.utexas.edu:5000)] ended, state=SUCCEEDED
2016-04-20 02:57:42.703 UTC INFO [admin1] PlanStateChange [id=2 name=Deploy Storage Node state=SUCCEEDED at 2016-04-20 02:57:42 UTC numAttempts=1 : Plan finished.]
2016-04-20 02:57:42.643 UTC INFO [sn1] Starting StorageNodeAgent for kvstore
2016-04-20 02:57:42.665 UTC INFO [sn1] Started MasterRebalanceThread
2016-04-20 02:57:42.670 UTC INFO [sn1] Starting MonitorAgent.  Server socket factory:<ClearServerSocketFactory name=main backlog=0 port range=0,0> Client socket factory:<ClientSocketFactory name=kvstore|sn|monitor id=-289201485 connectMs=10000 readMs=5000>
2016-04-20 02:57:42.675 UTC INFO [sn1] Successfully created secure proxy for the storage node agent
2016-04-20 02:57:42.687 UTC INFO [sn1] Rebound to registry port 5000 using name sn1 with SSF:<ClearServerSocketFactory name=main backlog=0 port range=0,0>
2016-04-20 02:57:42.687 UTC INFO [sn1] Service status changed from STARTING to RUNNING
2016-04-20 02:57:42.706 UTC INFO [admin1] Plan 2[Deploy Storage Node]: ended, state=SUCCEEDED
2016-04-20 02:57:42.707 UTC INFO [admin1] Waiting for Plan 2[Deploy Storage Node] ended, state=SUCCEEDED
2016-04-20 02:57:42.708 UTC INFO [admin1] [sn1] Service status: RUNNING 2016-04-20 02:57:42 UTC
2016-04-20 02:57:42.687 UTC INFO [sn1] Started StorageNodeAgent for kvstore
2016-04-20 02:57:42.733 UTC INFO [admin1] PlanStateChange [id=3 name=Deploy Admin Service state=APPROVED at 2016-04-20 02:57:42 UTC numAttempts=0 : approval requested]
2016-04-20 02:57:42.734 UTC INFO [admin1] Plan 3[Deploy Admin Service] approved
2016-04-20 02:57:42.735 UTC INFO [admin1] PlanStateChange [id=3 name=Deploy Admin Service state=RUNNING at 2016-04-20 02:57:42 UTC numAttempts=1 : Plan is starting]
2016-04-20 02:57:42.735 UTC INFO [admin1] Plan 3[Deploy Admin Service]: started, 2 tasks
2016-04-20 02:57:42.746 UTC INFO [admin1] Plan 3[Deploy Admin Service]: task 1 [DeployAdmin AdminId[admin1] on SNId[sn1]] started
2016-04-20 02:57:42.768 UTC INFO [admin1] newParameters called for Monitor
2016-04-20 02:57:42.770 UTC INFO [admin1] Plan 3[Deploy Admin Service]: task 1 [DeployAdmin AdminId[admin1] on SNId[sn1]] ended, state=SUCCEEDED
2016-04-20 02:57:42.771 UTC INFO [admin1] Plan 3[Deploy Admin Service]: task 2 [WaitForAdminState waits for Admin admin1 to reach RUNNING state] started
2016-04-20 02:57:42.776 UTC INFO [admin1] Plan 3[Deploy Admin Service]: task 2 [WaitForAdminState waits for Admin admin1 to reach RUNNING state] ended, state=SUCCEEDED
2016-04-20 02:57:42.776 UTC INFO [admin1] PlanStateChange [id=3 name=Deploy Admin Service state=SUCCEEDED at 2016-04-20 02:57:42 UTC numAttempts=1 : Plan finished.]
2016-04-20 02:57:42.778 UTC INFO [admin1] Plan 3[Deploy Admin Service]: ended, state=SUCCEEDED
2016-04-20 02:57:42.778 UTC INFO [admin1] Waiting for Plan 3[Deploy Admin Service] ended, state=SUCCEEDED
2016-04-20 02:57:42.782 UTC INFO [admin1] Created Storage Node Pool: KVLitePool
2016-04-20 02:57:42.787 UTC INFO [admin1] Added Storage Node sn1 to pool: KVLitePool
2016-04-20 02:57:42.800 UTC INFO [admin1] oracle.kv.impl.admin.topo.TopologyCandidate@45a6ecc6 has nothing to rebalance
2016-04-20 02:57:42.912 UTC INFO [admin1] PlanStateChange [id=4 name=Deploy KVStore state=APPROVED at 2016-04-20 02:57:42 UTC numAttempts=0 : approval requested]
2016-04-20 02:57:42.913 UTC INFO [admin1] Plan 4[Deploy KVStore] approved
2016-04-20 02:57:42.916 UTC INFO [admin1] Plan 4[Deploy KVStore] deploying topology candidate KVLite.
2016-04-20 02:57:42.919 UTC INFO [admin1] Current topology: store=kvstore  numPartitions=0 sequence=2
  zn: id=zn1 name=KVLite repFactor=1 type=PRIMARY

  sn=[sn1] zn:[id=zn1 name=KVLite] wireless-10-147-36-30.public.utexas.edu:5000


2016-04-20 02:57:42.919 UTC INFO [admin1] Preview of changes to be executed by Plan 4[Deploy KVStore]:
Topology transformation from current deployed topology to KVLite:
Create 1 shard 
Create 1 RN 
Create 10 partitions 

shard rg1
  1 new RN : rg1-rn1 
  10 new partitions 

2016-04-20 02:57:42.920 UTC INFO [admin1] Target topology candidate: KVLite
store=kvstore  numPartitions=10 sequence=14
  zn: id=zn1 name=KVLite repFactor=1 type=PRIMARY

  sn=[sn1] zn:[id=zn1 name=KVLite] wireless-10-147-36-30.public.utexas.edu:5000
    [rg1-rn1]

  shard=[rg1] num partitions=10
    [rg1-rn1] sn=sn1

2016-04-20 02:57:42.921 UTC INFO [admin1] PlanStateChange [id=4 name=Deploy KVStore state=RUNNING at 2016-04-20 02:57:42 UTC numAttempts=1 : Plan is starting]
2016-04-20 02:57:42.921 UTC INFO [admin1] Plan 4[Deploy KVStore]: started, 8 tasks
2016-04-20 02:57:42.923 UTC INFO [admin1] Plan 4[Deploy KVStore]: task 1 [UpdateDatacenterV2 zone=zn1] started
2016-04-20 02:57:42.925 UTC INFO [admin1] Plan 4[Deploy KVStore]: task 1 [UpdateDatacenterV2 zone=zn1] ended, state=SUCCEEDED
2016-04-20 02:57:42.926 UTC INFO [admin1] Plan 4[Deploy KVStore]: task 2 [DeployShard on [sn1] zn:[id=zn1 name=KVLite] wireless-10-147-36-30.public.utexas.edu:5000 ] started
2016-04-20 02:57:42.934 UTC INFO [admin1] Plan 4[Deploy KVStore]: task 2 [DeployShard rg1 on [sn1] zn:[id=zn1 name=KVLite] wireless-10-147-36-30.public.utexas.edu:5000 ] ended, state=SUCCEEDED
2016-04-20 02:57:42.934 UTC INFO [admin1] Plan 4[Deploy KVStore]: task 3 [DeployNewRN on sn1(wireless-10-147-36-30.public.utexas.edu:5000)] started
2016-04-20 02:57:42.939 UTC INFO [admin1] Creating rg1-rn1 on sn1 haPort=wireless-10-147-36-30.public.utexas.edu:5,006 helpers=wireless-10-147-36-30.public.utexas.edu:5006 storage directory=null heapMB=unspecified cacheSize=unspecified -XX:ParallelGCThreads=4
2016-04-20 02:57:44.078 UTC INFO [admin1] Monitor collector: adding rg1-rn1 to monitoring
2016-04-20 02:57:44.079 UTC INFO [admin1] Plan 4[Deploy KVStore]: task 3 [DeployNewRN rg1-rn1 on sn1(wireless-10-147-36-30.public.utexas.edu:5000)] ended, state=SUCCEEDED
2016-04-20 02:57:44.080 UTC INFO [admin1] Plan 4[Deploy KVStore]: task 4 [UpdateNthRNHelperHost] started
2016-04-20 02:57:44.083 UTC INFO [admin1] Plan 4[Deploy KVStore]: task 4 [UpdateNthRNHelperHost] ended, state=SUCCEEDED
2016-04-20 02:57:44.083 UTC INFO [admin1] Plan 4[Deploy KVStore]: task 5 [NewNthRNParameters] started
2016-04-20 02:57:43.021 UTC INFO [rg1-rn1] Thread[KV_rg1-rn1_RepNodeStateUpdateThread,5,RMI Runtime] started
2016-04-20 02:57:43.040 UTC INFO [rg1-rn1] NoSQL version:12cR1.3.5.2 2015-12-03 08:36:49 UTC  Build id: 0c693aa1a5a0 JE version:6.4.15 Java version:1.8.0_71
2016-04-20 02:57:43.040 UTC INFO [rg1-rn1] JVM Runtime maxMemory:1,864,192 kB JE cache size:0 kB Max Offheap cache size:0 kB
2016-04-20 02:57:43.041 UTC INFO [rg1-rn1] Non-default JE properties for environment: {je.rep.vlsn.logCacheSize=128, je.rep.envUnknownStateTimeout=10 s, je.log.faultReadSize=4096, je.rep.vlsn.distance=1000000, je.rep.replicaTimeout=10 s, je.env.runEvictor=true, je.cleaner.minUtilization=40, je.rep.replicaAckTimeout=5 s, je.lock.nLockTables=97, je.cleaner.threads=2, je.rep.replayMaxOpenDbHandles=100, je.log.writeQueueSize=2097152, je.evictor.criticalPercentage=20, je.log.iteratorReadSize=1048576, je.log.numBuffers=16, je.rep.feederTimeout=10 s, je.nodeMaxEntries=128, je.lock.timeout=10 s, je.rep.preHeartbeatTimeoutMs=5000000000, je.rep.consistencyPolicy=NoConsistencyRequiredPolicy, je.checkpointer.bytesInterval=500000000, je.txn.durability=write_no_sync,write_no_sync,simple_majority, je.cleaner.readSize=1048576, je.rep.ignoreSecondaryNodeId=true, je.rep.txnRollbackLimit=10, je.log.fileCacheSize=2000, je.log.fileMax=1073741824}
2016-04-20 02:57:43.041 UTC INFO [rg1-rn1] DataChannelFactory: basic
2016-04-20 02:57:43.041 UTC INFO [rg1-rn1] Created new environment dir: ./kvroot/kvstore/sn1/rg1-rn1/env
2016-04-20 02:57:43.047 UTC INFO [rg1-rn1] Table manager created
2016-04-20 02:57:43.050 UTC INFO [rg1-rn1] Partition database cache mode: EVICT_LN
2016-04-20 02:57:43.060 UTC INFO [rg1-rn1] Thread[KV_rg1-rn1_MetadataUpdateThread,5,RMI Runtime] started
2016-04-20 02:57:43.074 UTC INFO [rg1-rn1] Starting RepNodeService
2016-04-20 02:57:43.074 UTC INFO [rg1-rn1] Starting RN MonitorAgent.  Server socket factory:<ClearServerSocketFactory name=monitor backlog=0 port range=0,0> Client socket connect factory: <ClientSocketFactory name=kvstore|rn|monitor id=221162202 connectMs=10000 readMs=10000>
2016-04-20 02:57:43.085 UTC INFO [rg1-rn1] Starting MonitorAgent
2016-04-20 02:57:43.097 UTC INFO [rg1-rn1] Successfully created secure proxy for the repnode admin
2016-04-20 02:57:43.115 UTC INFO [rg1-rn1] RepNodeAdmin registered
2016-04-20 02:57:43.134 UTC INFO [rg1-rn1] JE recovery: POPULATE_UTILIZATION_PROFILE
2016-04-20 02:57:43.135 UTC INFO [rg1-rn1] JE recovery: REMOVE_TEMP_DBS
2016-04-20 02:57:43.136 UTC INFO [rg1-rn1] JE recovery: CKPT
2016-04-20 02:57:43.142 UTC INFO [rg1-rn1] JE recovery: RECOVERY_FINISHED
2016-04-20 02:57:43.149 UTC INFO [rg1-rn1] JE: Started ServiceDispatcher. HostPort=wireless-10-147-36-30.public.utexas.edu:5006
2016-04-20 02:57:43.149 UTC INFO [rg1-rn1] JE: DataChannel factory: com.sleepycat.je.rep.utilint.net.SimpleChannelFactory
2016-04-20 02:57:43.152 UTC INFO [rg1-rn1] JE: Current group size: 0
2016-04-20 02:57:43.153 UTC INFO [rg1-rn1] JE: New node rg1-rn1(-1) unknown to rep group
2016-04-20 02:57:43.153 UTC INFO [rg1-rn1] JE: Master changed to rg1-rn1
2016-04-20 02:57:43.153 UTC INFO [rg1-rn1] JE: Nascent group. rg1-rn1 is master by virtue of being the first node.
2016-04-20 02:57:43.161 UTC INFO [rg1-rn1] JE: Successfully added node:rg1-rn1(1) HostPort = wireless-10-147-36-30.public.utexas.edu: 5006 [ELECTABLE]
2016-04-20 02:57:43.162 UTC INFO [rg1-rn1] JE: Refreshed 0 monitors.
2016-04-20 02:57:43.163 UTC INFO [rg1-rn1] JE recovery: BECOME_CONSISTENT
2016-04-20 02:57:43.163 UTC INFO [rg1-rn1] JE: Node rg1-rn1 started
2016-04-20 02:57:43.163 UTC INFO [rg1-rn1] JE: Feeder manager accepting requests.
2016-04-20 02:57:43.163 UTC INFO [rg1-rn1] JE: Joining group as master
2016-04-20 02:57:43.163 UTC INFO [rg1-rn1] JE: Refreshed 0 monitors.
2016-04-20 02:57:43.164 UTC INFO [rg1-rn1] Opened JE environment: 6.4.15 JVM max heap: 1,908,932,608 JE properties: allowCreate=true
cacheSize=1145359564
txnNoSync=false
txnWriteNoSync=false
{je.lock.timeout=10 s, je.cleaner.readSize=1048576, je.log.faultReadSize=4096, je.rep.consistencyPolicy=NoConsistencyRequiredPolicy, je.log.fileMax=1073741824, je.rep.feederTimeout=10 s, je.rep.nodeName=rg1-rn1, je.nodeMaxEntries=128, je.log.writeQueueSize=2097152, je.evictor.criticalPercentage=20, je.rep.electableGroupSizeOverride=0, je.env.runEvictor=true, je.log.iteratorReadSize=1048576, je.txn.durability=WRITE_NO_SYNC,WRITE_NO_SYNC,SIMPLE_MAJORITY, je.maxOffHeapMemory=0, je.checkpointer.bytesInterval=500000000, je.log.numBuffers=16, je.rep.nodeHostPort=wireless-10-147-36-30.public.utexas.edu:5006, je.rep.vlsn.distance=1000000, je.rep.txnRollbackLimit=10, je.rep.replayMaxOpenDbHandles=100, je.rep.ignoreSecondaryNodeId=true, je.maxMemory=0, je.cleaner.minUtilization=40, je.env.isTransactional=true, je.log.fileCacheSize=2000, je.rep.helperHosts=wireless-10-147-36-30.public.utexas.edu:5006, je.rep.preHeartbeatTimeoutMs=5000000000, je.rep.vlsn.logCacheSize=128, je.rep.replicaTimeout=10 s, je.lock.nLockTables=97, je.rep.nodeType=ELECTABLE, je.rep.envUnknownStateTimeout=10 s, je.rep.preserveRecordVersion=true, je.rep.groupName=rg1, je.rep.replicaAckTimeout=5 s, je.cleaner.threads=2}

2016-04-20 02:57:43.168 UTC INFO [rg1-rn1] Local Environment version updated to: 12cR1.3.5.2 2015-12-03 08:36:49 UTC  Build id: 0c693aa1a5a0 Previous version:  none
2016-04-20 02:57:43.169 UTC INFO [rg1-rn1] State change event: Tue Apr 19 21:57:43 CDT 2016, State: MASTER, Type: ELECTABLE, Master: rg1-rn1
2016-04-20 02:57:43.170 UTC INFO [rg1-rn1] MigrationStateTracker queue added:MASTER
2016-04-20 02:57:43.170 UTC INFO [rg1-rn1] TableManagerStateTracker queue added:MASTER
2016-04-20 02:57:43.170 UTC INFO [rg1-rn1] MasterBalanceStateTracker queue added:MASTER
2016-04-20 02:57:43.170 UTC INFO [rg1-rn1] Replicated environment handle established. Cache size: 1145359564, State: MASTER
2016-04-20 02:57:43.171 UTC INFO [rg1-rn1] Environment does not contain topology store.
2016-04-20 02:57:43.171 UTC INFO [rg1-rn1] MasterBalanceStateTracker thread start: rg1-rn1
2016-04-20 02:57:43.171 UTC INFO [rg1-rn1] Topology needs to be pushed to this node.
2016-04-20 02:57:43.171 UTC INFO [rg1-rn1] MigrationStateTracker thread start: null
2016-04-20 02:57:43.171 UTC INFO [rg1-rn1] TableManagerStateTracker thread start: rg1-rn1
2016-04-20 02:57:43.171 UTC INFO [rg1-rn1] Migration manager change state to MASTER.
2016-04-20 02:57:43.171 UTC INFO [rg1-rn1] Table manager change state to MASTER
2016-04-20 02:57:43.177 UTC INFO [rg1-rn1] Migration service accepting requests.
2016-04-20 02:57:43.183 UTC INFO [rg1-rn1] No RN Login configured. 
2016-04-20 02:57:43.183 UTC INFO [rg1-rn1] Service status changed from STARTING to RUNNING
2016-04-20 02:57:44.088 UTC INFO [admin1] [rg1-rn1] Service status: RUNNING 2016-04-20 02:57:43 UTC
2016-04-20 02:57:43.186 UTC INFO [rg1-rn1] Started RepNodeService
2016-04-20 02:57:43.187 UTC INFO [rg1-rn1] Topology not immediately available - waiting
2016-04-20 02:57:44.005 UTC INFO [rg1-rn1] Topology updated from seq#: 0 to 4
2016-04-20 02:57:44.009 UTC INFO [rg1-rn1] Environment changed, ignoring trigger for SecurityMetadata
2016-04-20 02:57:44.009 UTC INFO [rg1-rn1] Open SecurityMetadata DB
2016-04-20 02:57:44.011 UTC INFO [rg1-rn1] Established 0 partition database handles, topology seq#: 4
2016-04-20 02:57:44.011 UTC INFO [rg1-rn1] Environment changed, ignoring trigger for TableMetadata
2016-04-20 02:57:44.011 UTC INFO [rg1-rn1] Open TableMetadata DB
2016-04-20 02:57:44.015 UTC INFO [rg1-rn1] Found 0 indexes and 0 tables marked for deletion in TableMetadata[0, 0, 0]
2016-04-20 02:57:44.015 UTC INFO [rg1-rn1] Established 0 secondary database handles
2016-04-20 02:57:44.076 UTC INFO [rg1-rn1] Topology stored seq#: 4
2016-04-20 02:57:44.102 UTC INFO [admin1] Plan 4[Deploy KVStore]: task 5 [NewNthRNParameters] ended, state=SUCCEEDED
2016-04-20 02:57:44.102 UTC INFO [admin1] Plan 4[Deploy KVStore]: task 6 [BroadcastTopo] started
2016-04-20 02:57:44.103 UTC INFO [admin1] Broadcasting topology seq# 4, changes for BroadcastTopo
2016-04-20 02:57:44.109 UTC INFO [admin1] Plan 4[Deploy KVStore]: task 6 [BroadcastTopo] ended, state=SUCCEEDED
2016-04-20 02:57:44.109 UTC INFO [admin1] Plan 4[Deploy KVStore]: task 7 [BroadcastMetadata] started
2016-04-20 02:57:44.111 UTC INFO [admin1] Plan 4[Deploy KVStore]: task 7 [BroadcastMetadata] ended, state=SUCCEEDED
2016-04-20 02:57:44.111 UTC INFO [admin1] Plan 4[Deploy KVStore]: task 8 [AddPartitions totalPartitions = 10] started
2016-04-20 02:57:44.131 UTC INFO [admin1] Broadcasting topology seq# 14, changes for Initializing new partitions
2016-04-20 02:57:44.172 UTC INFO [admin1] Plan 4[Deploy KVStore]: task 8 [AddPartitions totalPartitions = 10] ended, state=SUCCEEDED
2016-04-20 02:57:44.173 UTC INFO [admin1] PlanStateChange [id=4 name=Deploy KVStore state=SUCCEEDED at 2016-04-20 02:57:44 UTC numAttempts=1 : Plan finished.]
2016-04-20 02:57:44.175 UTC INFO [admin1] Plan 4[Deploy KVStore]: ended, state=SUCCEEDED
2016-04-20 02:57:44.175 UTC INFO [admin1] Waiting for Plan 4[Deploy KVStore] ended, state=SUCCEEDED
2016-04-20 02:57:42.757 UTC INFO [sn1] admin1: Creating AdminService
2016-04-20 02:57:42.769 UTC INFO [sn1] admin1: Created AdminService
2016-04-20 02:57:42.964 UTC INFO [sn1] rg1-rn1: Creating RepNode
2016-04-20 02:57:42.977 UTC INFO [sn1] rg1-rn1: Starting RepNode
2016-04-20 02:57:42.978 UTC INFO [sn1] rg1-rn1: Started RepNode
2016-04-20 02:57:42.978 UTC INFO [sn1] rg1-rn1: Configuring RepNode
2016-04-20 02:57:43.186 UTC INFO [sn1] Thread returning for service rg1-rn1
2016-04-20 02:57:44.077 UTC INFO [sn1] rg1-rn1: Created RepNode
2016-04-20 02:57:44.188 UTC INFO [sn1] noteState called
2016-04-20 02:57:44.189 UTC INFO [sn1] added:State RN:rg1-rn1 state: MASTER top seq num: 14
2016-04-20 02:57:44.189 UTC INFO [sn1] sn: sn1 state transition: State RN:rg1-rn1 state: MASTER top seq num: 14 active masters:[rg1-rn1] active replicas:0 replica leases:0
2016-04-20 02:57:44.189 UTC INFO [sn1] Acquiring initial topology from RNs
2016-04-20 02:57:44.193 UTC INFO [sn1] Topology acquired from RN: rg1-rn1 Topo seq#: 14
2016-04-20 02:57:44.098 UTC INFO [rg1-rn1] newParameters are identical to old parameters
2016-04-20 02:57:44.140 UTC INFO [rg1-rn1] Topology incrementally updated from seq#: 4 to 14
2016-04-20 02:57:44.147 UTC INFO [rg1-rn1] Found 0 indexes and 0 tables marked for deletion in TableMetadata[0, 0, 0]
2016-04-20 02:57:44.147 UTC INFO [rg1-rn1] Established 0 secondary database handles
2016-04-20 02:57:44.152 UTC INFO [rg1-rn1] Established 10 partition database handles, topology seq#: 14
2016-04-20 02:57:44.170 UTC INFO [rg1-rn1] Topology stored seq#: 14
2016-04-20 02:57:44.204 UTC INFO [rg1-rn1] Establishing RMI connection for admin DDL
2016-04-20 02:57:44.214 UTC INFO [rg1-rn1] Establishing RMI connection for admin DDL
2016-04-20 02:57:44.216 UTC INFO [rg1-rn1] Establishing RMI connection for admin DDL
