2016-04-23 04:07:49.724 UTC INFO [sn1] Starting StorageNodeAgent for kvstore
2016-04-23 04:07:49.749 UTC INFO [sn1] Started MasterRebalanceThread
2016-04-23 04:07:49.753 UTC INFO [sn1] Starting MonitorAgent.  Server socket factory:<ClearServerSocketFactory name=main backlog=0 port range=0,0> Client socket factory:<ClientSocketFactory name=kvstore|sn|monitor id=-897712174 connectMs=10000 readMs=5000>
2016-04-23 04:07:49.759 UTC INFO [sn1] Successfully created secure proxy for the storage node agent
2016-04-23 04:07:49.765 UTC INFO [sn1] Rebound to registry port 5000 using name sn1 with SSF:<ClearServerSocketFactory name=main backlog=0 port range=0,0>
2016-04-23 04:07:49.765 UTC INFO [sn1] Service status changed from STARTING to RUNNING
2016-04-23 04:07:49.765 UTC INFO [sn1] Started StorageNodeAgent for kvstore
2016-04-23 04:07:49.833 UTC INFO [sn1] admin1: Creating AdminService
2016-04-23 04:07:49.845 UTC INFO [sn1] admin1: Created AdminService
2016-04-23 04:07:50.003 UTC INFO [sn1] rg1-rn1: Creating RepNode
2016-04-23 04:07:50.016 UTC INFO [sn1] rg1-rn1: Starting RepNode
2016-04-23 04:07:50.017 UTC INFO [sn1] rg1-rn1: Started RepNode
2016-04-23 04:07:50.017 UTC INFO [sn1] rg1-rn1: Configuring RepNode
2016-04-23 04:07:50.229 UTC INFO [sn1] Thread returning for service rg1-rn1
2016-04-23 04:07:51.127 UTC INFO [sn1] rg1-rn1: Created RepNode
2016-04-23 04:07:51.224 UTC INFO [sn1] noteState called
2016-04-23 04:07:51.225 UTC INFO [sn1] added:State RN:rg1-rn1 state: MASTER top seq num: 14
2016-04-23 04:07:51.225 UTC INFO [sn1] sn: sn1 state transition: State RN:rg1-rn1 state: MASTER top seq num: 14 active masters:[rg1-rn1] active replicas:0 replica leases:0
2016-04-23 04:07:51.225 UTC INFO [sn1] Acquiring initial topology from RNs
2016-04-23 04:07:51.229 UTC INFO [sn1] Topology acquired from RN: rg1-rn1 Topo seq#: 14
